[2023-03-12T21:42:06.604] [INFO] app - Starting application....
[2023-03-12T21:42:06.606] [INFO] app - Connecting to database....
[2023-03-12T21:42:06.612] [INFO] app - API listening at http://localhost:4000
[2023-03-12T21:42:06.707] [INFO] app - Connected successfully
[2023-03-12T21:43:56.969] [INFO] app - Starting application....
[2023-03-12T21:43:56.971] [INFO] app - Connecting to database....
[2023-03-12T21:43:56.977] [INFO] app - API listening at http://localhost:4000
[2023-03-12T21:43:57.072] [INFO] app - Connected successfully
[2023-03-12T21:46:48.916] [INFO] app - Starting application....
[2023-03-12T21:46:48.918] [INFO] app - Connecting to database....
[2023-03-12T21:46:48.924] [INFO] app - API listening at http://localhost:4000
[2023-03-12T21:46:49.019] [INFO] app - Connected successfully
[2023-03-12T21:47:12.740] [INFO] app - Starting application....
[2023-03-12T21:47:12.741] [INFO] app - Connecting to database....
[2023-03-12T21:47:12.747] [INFO] app - API listening at http://localhost:4000
[2023-03-12T21:47:12.833] [INFO] app - Connected successfully
[2023-03-12T21:47:24.285] [INFO] app - Starting application....
[2023-03-12T21:47:24.286] [INFO] app - Connecting to database....
[2023-03-12T21:47:24.293] [INFO] app - API listening at http://localhost:4000
[2023-03-12T21:47:24.365] [INFO] app - Connected successfully
[2023-03-12T21:47:46.168] [INFO] app - Starting application....
[2023-03-12T21:47:46.169] [INFO] app - Connecting to database....
[2023-03-12T21:47:46.175] [INFO] app - API listening at http://localhost:4000
[2023-03-12T21:47:46.247] [INFO] app - Connected successfully
[2023-03-12T21:47:53.468] [INFO] app - Starting application....
[2023-03-12T21:47:53.470] [INFO] app - Connecting to database....
[2023-03-12T21:47:53.476] [INFO] app - API listening at http://localhost:4000
[2023-03-12T21:47:53.570] [INFO] app - Connected successfully
[2023-03-12T21:48:14.488] [INFO] app - Starting application....
[2023-03-12T21:48:14.489] [INFO] app - Connecting to database....
[2023-03-12T21:48:14.496] [INFO] app - API listening at http://localhost:4000
[2023-03-12T21:48:14.577] [INFO] app - Connected successfully
[2023-03-12T21:53:58.272] [INFO] app - Starting application....
[2023-03-12T21:53:58.273] [INFO] app - Connecting to database....
[2023-03-12T21:53:58.280] [INFO] app - API listening at http://localhost:4000
[2023-03-12T21:53:59.387] [INFO] app - Connected successfully
[2023-03-12T21:54:21.018] [INFO] app - Starting application....
[2023-03-12T21:54:21.019] [INFO] app - Connecting to database....
[2023-03-12T21:54:21.026] [INFO] app - API listening at http://localhost:4000
[2023-03-12T21:54:21.097] [INFO] app - Connected successfully
[2023-03-12T21:54:29.680] [INFO] app - Starting application....
[2023-03-12T21:54:29.681] [INFO] app - Connecting to database....
[2023-03-12T21:54:29.688] [INFO] app - API listening at http://localhost:4000
[2023-03-12T21:54:29.761] [INFO] app - Connected successfully
[2023-03-12T21:54:51.975] [INFO] app - Starting application....
[2023-03-12T21:54:51.976] [INFO] app - Connecting to database....
[2023-03-12T21:54:51.983] [INFO] app - API listening at http://localhost:4000
[2023-03-12T21:54:52.094] [INFO] app - Connected successfully
[2023-03-12T21:56:50.015] [INFO] app - Starting application....
[2023-03-12T21:56:50.017] [INFO] app - Connecting to database....
[2023-03-12T21:56:50.024] [INFO] app - API listening at http://localhost:4000
[2023-03-12T21:56:50.132] [INFO] app - Connected successfully
[2023-03-12T21:58:59.679] [INFO] app - Starting application....
[2023-03-12T21:58:59.680] [INFO] app - Connecting to database....
[2023-03-12T21:58:59.687] [INFO] app - API listening at http://localhost:4000
[2023-03-12T21:58:59.808] [INFO] app - Connected successfully
[2023-03-12T22:01:20.744] [INFO] app - Starting application....
[2023-03-12T22:01:20.745] [INFO] app - Connecting to database....
[2023-03-12T22:01:20.752] [INFO] app - API listening at http://localhost:4000
[2023-03-12T22:01:20.851] [INFO] app - Connected successfully
[2023-03-12T22:01:22.385] [INFO] app - Starting application....
[2023-03-12T22:01:22.387] [INFO] app - Connecting to database....
[2023-03-12T22:01:22.393] [INFO] app - API listening at http://localhost:4000
[2023-03-12T22:01:22.469] [INFO] app - Connected successfully
[2023-03-12T22:01:27.652] [INFO] app - Starting application....
[2023-03-12T22:01:27.653] [INFO] app - Connecting to database....
[2023-03-12T22:01:27.660] [INFO] app - API listening at http://localhost:4000
[2023-03-12T22:01:27.731] [INFO] app - Connected successfully
[2023-03-12T22:01:34.738] [INFO] app - Starting application....
[2023-03-12T22:01:34.739] [INFO] app - Connecting to database....
[2023-03-12T22:01:34.744] [INFO] app - API listening at http://localhost:4000
[2023-03-12T22:01:34.826] [INFO] app - Connected successfully
[2023-03-12T22:02:05.235] [INFO] app - Starting application....
[2023-03-12T22:02:05.236] [INFO] app - Connecting to database....
[2023-03-12T22:02:05.242] [INFO] app - API listening at http://localhost:4000
[2023-03-12T22:02:05.336] [INFO] app - Connected successfully
[2023-03-12T22:02:09.749] [INFO] app - Starting application....
[2023-03-12T22:02:09.751] [INFO] app - Connecting to database....
[2023-03-12T22:02:09.757] [INFO] app - API listening at http://localhost:4000
[2023-03-12T22:02:09.836] [INFO] app - Connected successfully
[2023-03-12T22:03:07.326] [INFO] app - Starting application....
[2023-03-12T22:03:07.327] [INFO] app - Connecting to database....
[2023-03-12T22:03:07.334] [INFO] app - API listening at http://localhost:4000
[2023-03-12T22:03:07.453] [INFO] app - Connected successfully
[2023-03-12T22:03:31.878] [INFO] app - Starting application....
[2023-03-12T22:03:31.879] [INFO] app - Connecting to database....
[2023-03-12T22:03:31.885] [INFO] app - API listening at http://localhost:4000
[2023-03-12T22:03:31.959] [INFO] app - Connected successfully
[2023-03-12T22:03:44.793] [INFO] app - Starting application....
[2023-03-12T22:03:44.794] [INFO] app - Connecting to database....
[2023-03-12T22:03:44.802] [INFO] app - API listening at http://localhost:4000
[2023-03-12T22:03:44.874] [INFO] app - Connected successfully
[2023-03-12T22:03:56.876] [INFO] app - Starting application....
[2023-03-12T22:03:56.878] [INFO] app - Connecting to database....
[2023-03-12T22:03:56.887] [INFO] app - API listening at http://localhost:4000
[2023-03-12T22:03:56.971] [INFO] app - Connected successfully
[2023-03-12T22:04:16.031] [INFO] app - Starting application....
[2023-03-12T22:04:16.032] [INFO] app - Connecting to database....
[2023-03-12T22:04:16.038] [INFO] app - API listening at http://localhost:4000
[2023-03-12T22:04:16.150] [INFO] app - Connected successfully
[2023-03-12T22:04:53.730] [INFO] app - Starting application....
[2023-03-12T22:04:53.731] [INFO] app - Connecting to database....
[2023-03-12T22:04:53.738] [INFO] app - API listening at http://localhost:4000
[2023-03-12T22:04:53.813] [INFO] app - Connected successfully
[2023-03-12T22:05:33.395] [INFO] app - Starting application....
[2023-03-12T22:05:33.396] [INFO] app - Connecting to database....
[2023-03-12T22:05:33.402] [INFO] app - API listening at http://localhost:4000
[2023-03-12T22:05:33.490] [INFO] app - Connected successfully
[2023-03-12T22:06:54.218] [INFO] app - Starting application....
[2023-03-12T22:06:54.220] [INFO] app - Connecting to database....
[2023-03-12T22:06:54.226] [INFO] app - API listening at http://localhost:4000
[2023-03-12T22:06:54.310] [INFO] app - Connected successfully
[2023-03-12T22:08:22.841] [INFO] app - Starting application....
[2023-03-12T22:08:22.843] [INFO] app - Connecting to database....
[2023-03-12T22:08:22.851] [INFO] app - API listening at http://localhost:4000
[2023-03-12T22:08:22.950] [INFO] app - Connected successfully
[2023-03-12T22:10:50.735] [INFO] app - Starting application....
[2023-03-12T22:10:50.737] [INFO] app - Connecting to database....
[2023-03-12T22:10:50.743] [INFO] app - API listening at http://localhost:4000
[2023-03-12T22:10:50.846] [INFO] app - Connected successfully
[2023-03-12T22:10:54.339] [INFO] app - Starting application....
[2023-03-12T22:10:54.341] [INFO] app - Connecting to database....
[2023-03-12T22:10:54.348] [INFO] app - API listening at http://localhost:4000
[2023-03-12T22:10:54.424] [INFO] app - Connected successfully
[2023-03-12T22:10:56.287] [INFO] app - Starting application....
[2023-03-12T22:10:56.288] [INFO] app - Connecting to database....
[2023-03-12T22:10:56.295] [INFO] app - API listening at http://localhost:4000
[2023-03-12T22:10:56.365] [INFO] app - Connected successfully
[2023-03-12T22:11:03.552] [ERROR] app - Game not created for [object Object] - err : error: syntax error at or near "order"
[2023-03-12T22:11:31.004] [INFO] app - Starting application....
[2023-03-12T22:11:31.005] [INFO] app - Connecting to database....
[2023-03-12T22:11:31.012] [INFO] app - API listening at http://localhost:4000
[2023-03-12T22:11:31.085] [INFO] app - Connected successfully
[2023-03-12T22:11:34.898] [ERROR] app - Game not created for [object Object] - err : error: syntax error at or near "order"
[2023-03-12T22:11:48.770] [INFO] app - Starting application....
[2023-03-12T22:11:48.772] [INFO] app - Connecting to database....
[2023-03-12T22:11:48.778] [INFO] app - API listening at http://localhost:4000
[2023-03-12T22:11:48.850] [INFO] app - Connected successfully
[2023-03-12T22:11:50.683] [ERROR] app - Game not created for [object Object] - err : error: syntax error at or near "order"
[2023-03-12T22:11:56.601] [INFO] app - Players retrieved successfully
[2023-03-12T22:12:24.282] [INFO] app - Starting application....
[2023-03-12T22:12:24.283] [INFO] app - Connecting to database....
[2023-03-12T22:12:24.290] [INFO] app - API listening at http://localhost:4000
[2023-03-12T22:12:24.366] [INFO] app - Connected successfully
[2023-03-12T22:12:25.857] [INFO] app - Players retrieved successfully
[2023-03-12T22:13:05.396] [INFO] app - Starting application....
[2023-03-12T22:13:05.398] [INFO] app - Connecting to database....
[2023-03-12T22:13:05.404] [INFO] app - API listening at http://localhost:4000
[2023-03-12T22:13:05.501] [INFO] app - Connected successfully
[2023-03-12T22:13:43.190] [ERROR] app - Game not created for [object Object] - err : error: syntax error at or near "order"
[2023-03-12T22:14:06.980] [INFO] app - Starting application....
[2023-03-12T22:14:06.982] [INFO] app - Connecting to database....
[2023-03-12T22:14:06.988] [INFO] app - API listening at http://localhost:4000
[2023-03-12T22:14:07.081] [INFO] app - Connected successfully
[2023-03-12T22:15:01.142] [INFO] app - Starting application....
[2023-03-12T22:15:01.143] [INFO] app - Connecting to database....
[2023-03-12T22:15:01.149] [INFO] app - API listening at http://localhost:4000
[2023-03-12T22:15:01.222] [INFO] app - Connected successfully
[2023-03-12T22:15:03.198] [ERROR] app - Game not created for [object Object] - err : error: syntax error at or near "order"
[2023-03-12T22:15:36.270] [INFO] app - Starting application....
[2023-03-12T22:15:36.271] [INFO] app - Connecting to database....
[2023-03-12T22:15:36.278] [INFO] app - API listening at http://localhost:4000
[2023-03-12T22:15:36.383] [INFO] app - Connected successfully
[2023-03-12T22:15:52.416] [INFO] app - Starting application....
[2023-03-12T22:15:52.417] [INFO] app - Connecting to database....
[2023-03-12T22:15:52.423] [INFO] app - API listening at http://localhost:4000
[2023-03-12T22:15:52.500] [INFO] app - Connected successfully
[2023-03-12T22:15:53.604] [ERROR] app - Game not created for [object Object] - err : error: syntax error at or near "order"
[2023-03-12T22:16:07.237] [INFO] app - Starting application....
[2023-03-12T22:16:07.238] [INFO] app - Connecting to database....
[2023-03-12T22:16:07.244] [INFO] app - API listening at http://localhost:4000
[2023-03-12T22:16:07.317] [INFO] app - Connected successfully
[2023-03-12T22:16:14.887] [INFO] app - Starting application....
[2023-03-12T22:16:14.889] [INFO] app - Connecting to database....
[2023-03-12T22:16:14.894] [INFO] app - API listening at http://localhost:4000
[2023-03-12T22:16:14.969] [INFO] app - Connected successfully
[2023-03-12T22:16:32.456] [ERROR] app - Game not created for [object Object] - err : error: syntax error at or near "order"
[2023-03-12T22:17:38.854] [INFO] app - Starting application....
[2023-03-12T22:17:38.855] [INFO] app - Connecting to database....
[2023-03-12T22:17:38.862] [INFO] app - API listening at http://localhost:4000
[2023-03-12T22:17:38.985] [INFO] app - Connected successfully
[2023-03-12T22:17:42.513] [INFO] app - Starting application....
[2023-03-12T22:17:42.514] [INFO] app - Connecting to database....
[2023-03-12T22:17:42.521] [INFO] app - API listening at http://localhost:4000
[2023-03-12T22:17:42.593] [INFO] app - Connected successfully
[2023-03-12T22:18:46.272] [INFO] app - Starting application....
[2023-03-12T22:18:46.273] [INFO] app - Connecting to database....
[2023-03-12T22:18:46.280] [INFO] app - API listening at http://localhost:4000
[2023-03-12T22:18:46.363] [INFO] app - Connected successfully
[2023-03-12T22:18:48.062] [ERROR] app - Game not created for [object Object] - err : error: syntax error at or near "order"
[2023-03-12T22:19:52.322] [INFO] app - Starting application....
[2023-03-12T22:19:52.323] [INFO] app - Connecting to database....
[2023-03-12T22:19:52.328] [INFO] app - API listening at http://localhost:4000
[2023-03-12T22:19:52.429] [INFO] app - Connected successfully
[2023-03-12T22:19:55.021] [INFO] app - Starting application....
[2023-03-12T22:19:55.022] [INFO] app - Connecting to database....
[2023-03-12T22:19:55.028] [INFO] app - API listening at http://localhost:4000
[2023-03-12T22:19:55.107] [INFO] app - Connected successfully
[2023-03-12T22:19:57.053] [ERROR] app - Game not created for [object Object] - err : error: syntax error at or near "order"
[2023-03-12T22:25:05.210] [INFO] app - Starting application....
[2023-03-12T22:25:05.211] [INFO] app - Connecting to database....
[2023-03-12T22:25:05.218] [INFO] app - API listening at http://localhost:4000
[2023-03-12T22:25:05.331] [INFO] app - Connected successfully
[2023-03-12T22:25:08.105] [ERROR] app - Game not created for [object Object] - err : error: syntax error at or near "order"
[2023-03-12T22:29:47.977] [INFO] app - Starting application....
[2023-03-12T22:29:47.978] [INFO] app - Connecting to database....
[2023-03-12T22:29:47.985] [INFO] app - API listening at http://localhost:4000
[2023-03-12T22:29:48.071] [INFO] app - Connected successfully
[2023-03-12T22:29:53.126] [ERROR] app - Game not created for [object Object] - err : error: syntax error at or near "order"
[2023-03-12T22:30:20.461] [INFO] app - Players retrieved successfully
[2023-03-12T22:32:36.231] [INFO] app - Starting application....
[2023-03-12T22:32:36.232] [INFO] app - Connecting to database....
[2023-03-12T22:32:36.238] [INFO] app - API listening at http://localhost:4000
[2023-03-12T22:32:36.336] [INFO] app - Connected successfully
[2023-03-12T22:34:43.364] [INFO] app - Starting application....
[2023-03-12T22:34:43.366] [INFO] app - Connecting to database....
[2023-03-12T22:34:43.375] [INFO] app - API listening at http://localhost:4000
[2023-03-12T22:34:43.480] [INFO] app - Connected successfully
[2023-03-12T22:34:51.750] [INFO] app - Starting application....
[2023-03-12T22:34:51.751] [INFO] app - Connecting to database....
[2023-03-12T22:34:51.757] [INFO] app - API listening at http://localhost:4000
[2023-03-12T22:34:51.828] [INFO] app - Connected successfully
[2023-03-12T22:34:57.526] [INFO] app - Players retrieved successfully
[2023-03-12T22:35:00.868] [ERROR] app - Game not created for [object Object] - err : error: syntax error at or near "order"
[2023-03-12T22:38:13.975] [INFO] app - Starting application....
[2023-03-12T22:38:13.976] [INFO] app - Connecting to database....
[2023-03-12T22:38:13.982] [INFO] app - API listening at http://localhost:4000
[2023-03-12T22:38:14.082] [INFO] app - Connected successfully
[2023-03-12T22:38:18.021] [INFO] app - Starting application....
[2023-03-12T22:38:18.023] [INFO] app - Connecting to database....
[2023-03-12T22:38:18.028] [INFO] app - API listening at http://localhost:4000
[2023-03-12T22:38:18.105] [INFO] app - Connected successfully
[2023-03-12T22:38:23.103] [ERROR] app - Game not created for [object Object] - err : error: syntax error at or near "order"
[2023-03-12T22:38:56.046] [INFO] app - Starting application....
[2023-03-12T22:38:56.047] [INFO] app - Connecting to database....
[2023-03-12T22:38:56.055] [INFO] app - API listening at http://localhost:4000
[2023-03-12T22:38:56.128] [INFO] app - Connected successfully
[2023-03-12T22:44:05.297] [INFO] app - Starting application....
[2023-03-12T22:44:05.298] [INFO] app - Connecting to database....
[2023-03-12T22:44:05.305] [INFO] app - API listening at http://localhost:4000
[2023-03-12T22:44:05.398] [INFO] app - Connected successfully
[2023-03-12T22:44:07.261] [ERROR] app - Game not created for [object Object] - err : error: syntax error at or near "order"
[2023-03-12T22:44:19.081] [INFO] app - Starting application....
[2023-03-12T22:44:19.083] [INFO] app - Connecting to database....
[2023-03-12T22:44:19.089] [INFO] app - API listening at http://localhost:4000
[2023-03-12T22:44:19.161] [INFO] app - Connected successfully
[2023-03-12T22:44:20.826] [ERROR] app - Game not created for [object Object] - err : error: syntax error at or near "order"
[2023-03-12T22:44:51.290] [INFO] app - Starting application....
[2023-03-12T22:44:51.292] [INFO] app - Connecting to database....
[2023-03-12T22:44:51.300] [INFO] app - API listening at http://localhost:4000
[2023-03-12T22:44:51.376] [INFO] app - Connected successfully
[2023-03-12T22:45:14.425] [INFO] app - Starting application....
[2023-03-12T22:45:14.426] [INFO] app - Connecting to database....
[2023-03-12T22:45:14.432] [INFO] app - API listening at http://localhost:4000
[2023-03-12T22:45:14.538] [INFO] app - Connected successfully
[2023-03-12T22:45:16.582] [ERROR] app - Game not created for [object Object] - err : error: syntax error at or near "order"
[2023-03-12T22:50:49.801] [INFO] app - Starting application....
[2023-03-12T22:50:49.802] [INFO] app - Connecting to database....
[2023-03-12T22:50:49.810] [INFO] app - API listening at http://localhost:4000
[2023-03-12T22:50:49.901] [INFO] app - Connected successfully
[2023-03-12T22:50:51.907] [ERROR] app - Game not created for [object Object] - err : error: syntax error at or near "order"
[2023-03-12T22:51:48.248] [INFO] app - Starting application....
[2023-03-12T22:51:48.250] [INFO] app - Connecting to database....
[2023-03-12T22:51:48.256] [INFO] app - API listening at http://localhost:4000
[2023-03-12T22:51:48.331] [INFO] app - Connected successfully
[2023-03-12T22:51:50.074] [ERROR] app - Game not created for [object Object] - err : error: syntax error at or near "order"
[2023-03-12T22:51:56.997] [INFO] app - Starting application....
[2023-03-12T22:51:56.998] [INFO] app - Connecting to database....
[2023-03-12T22:51:57.005] [INFO] app - API listening at http://localhost:4000
[2023-03-12T22:51:57.080] [INFO] app - Connected successfully
[2023-03-12T22:54:06.689] [INFO] app - Starting application....
[2023-03-12T22:54:06.690] [INFO] app - Connecting to database....
[2023-03-12T22:54:06.697] [INFO] app - API listening at http://localhost:4000
[2023-03-12T22:54:06.792] [INFO] app - Connected successfully
[2023-03-12T22:54:10.410] [ERROR] app - Game not created for [object Object] - err : error: syntax error at or near "order"
[2023-03-12T22:55:05.558] [INFO] app - Starting application....
[2023-03-12T22:55:05.560] [INFO] app - Connecting to database....
[2023-03-12T22:55:05.566] [INFO] app - API listening at http://localhost:4000
[2023-03-12T22:55:05.639] [INFO] app - Connected successfully
[2023-03-12T23:00:49.345] [ERROR] app - Game not created for [object Object] - err : error: syntax error at or near "order"
[2023-03-12T23:01:48.075] [INFO] app - Starting application....
[2023-03-12T23:01:48.076] [INFO] app - Connecting to database....
[2023-03-12T23:01:48.082] [INFO] app - API listening at http://localhost:4000
[2023-03-12T23:01:48.159] [INFO] app - Connected successfully
[2023-03-12T23:02:00.607] [INFO] app - Starting application....
[2023-03-12T23:02:00.608] [INFO] app - Connecting to database....
[2023-03-12T23:02:00.614] [INFO] app - API listening at http://localhost:4000
[2023-03-12T23:02:00.712] [INFO] app - Connected successfully
[2023-03-12T23:02:04.676] [ERROR] app - Game not created for [object Object] - err : error: syntax error at or near "order"
[2023-03-12T23:02:13.115] [INFO] app - Starting application....
[2023-03-12T23:02:13.116] [INFO] app - Connecting to database....
[2023-03-12T23:02:13.122] [INFO] app - API listening at http://localhost:4000
[2023-03-12T23:02:13.195] [INFO] app - Connected successfully
[2023-03-12T23:02:15.955] [ERROR] app - Game not created for [object Object] - err : error: syntax error at or near "order"
[2023-03-12T23:03:13.195] [INFO] app - Starting application....
[2023-03-12T23:03:13.196] [INFO] app - Connecting to database....
[2023-03-12T23:03:13.203] [INFO] app - API listening at http://localhost:4000
[2023-03-12T23:03:13.316] [INFO] app - Connected successfully
[2023-03-12T23:03:16.590] [ERROR] app - Game not created for [object Object] - err : error: syntax error at or near "order"
[2023-03-12T23:04:09.335] [INFO] app - Starting application....
[2023-03-12T23:04:09.336] [INFO] app - Connecting to database....
[2023-03-12T23:04:09.343] [INFO] app - API listening at http://localhost:4000
[2023-03-12T23:04:09.417] [INFO] app - Connected successfully
[2023-03-12T23:04:10.508] [ERROR] app - Game not created for [object Object] - err : error: syntax error at or near "order"
[2023-03-12T23:07:08.871] [INFO] app - Starting application....
[2023-03-12T23:07:08.873] [INFO] app - Connecting to database....
[2023-03-12T23:07:08.882] [INFO] app - API listening at http://localhost:4000
[2023-03-12T23:07:08.965] [INFO] app - Connected successfully
[2023-03-12T23:07:10.833] [ERROR] app - Game not created for [object Object] - err : error: syntax error at or near "order"
[2023-03-12T23:07:45.156] [INFO] app - Starting application....
[2023-03-12T23:07:45.158] [INFO] app - Connecting to database....
[2023-03-12T23:07:45.165] [INFO] app - API listening at http://localhost:4000
[2023-03-12T23:07:45.242] [INFO] app - Connected successfully
[2023-03-12T23:07:48.702] [ERROR] app - Game not created for [object Object] - err : error: syntax error at or near ")"
[2023-03-12T23:07:57.294] [INFO] app - Starting application....
[2023-03-12T23:07:57.295] [INFO] app - Connecting to database....
[2023-03-12T23:07:57.302] [INFO] app - API listening at http://localhost:4000
[2023-03-12T23:07:57.387] [INFO] app - Connected successfully
[2023-03-12T23:08:02.973] [INFO] app - Game created successfully [object Object]
[2023-03-12T23:08:32.519] [INFO] app - Players retrieved successfully
[2023-03-12T23:15:54.276] [INFO] app - Starting application....
[2023-03-12T23:15:54.277] [INFO] app - Connecting to database....
[2023-03-12T23:15:54.283] [INFO] app - API listening at http://localhost:4000
[2023-03-12T23:15:54.376] [INFO] app - Connected successfully
[2023-03-27T08:38:37.506] [INFO] app - Starting application....
[2023-03-27T08:38:37.507] [INFO] app - Connecting to database....
[2023-03-27T08:38:37.512] [INFO] app - API listening at http://localhost:4000
[2023-03-27T08:38:47.510] [ERROR] app - Connection timed out
[2023-03-27T08:39:50.809] [INFO] app - Starting application....
[2023-03-27T08:39:50.810] [INFO] app - Connecting to database....
[2023-03-27T08:39:50.816] [INFO] app - API listening at http://localhost:4000
[2023-03-27T08:40:00.813] [ERROR] app - Connection timed out
[2023-03-27T08:40:19.523] [INFO] app - Starting application....
[2023-03-27T08:40:19.524] [INFO] app - Connecting to database....
[2023-03-27T08:40:19.530] [INFO] app - API listening at http://localhost:4000
[2023-03-27T08:40:29.527] [ERROR] app - Connection timed out
[2023-03-27T08:43:13.514] [INFO] app - Starting application....
[2023-03-27T08:43:13.515] [INFO] app - Connecting to database....
[2023-03-27T08:43:13.521] [INFO] app - API listening at http://localhost:4000
[2023-03-27T08:43:23.518] [ERROR] app - Connection timed out
[2023-03-27T08:43:47.981] [INFO] app - Starting application....
[2023-03-27T08:43:47.982] [INFO] app - Connecting to database....
[2023-03-27T08:43:47.988] [INFO] app - API listening at http://localhost:4000
[2023-03-27T08:45:58.829] [INFO] app - Starting application....
[2023-03-27T08:45:58.831] [INFO] app - Connecting to database....
[2023-03-27T08:45:58.836] [INFO] app - API listening at http://localhost:4000
[2023-03-27T08:56:49.779] [INFO] app - Starting application....
[2023-03-27T08:56:49.780] [INFO] app - Connecting to database....
[2023-03-27T08:56:49.785] [INFO] app - API listening at http://localhost:4000
[2023-03-27T09:03:29.218] [INFO] app - Starting application....
[2023-03-27T09:03:29.220] [INFO] app - Connecting to database....
[2023-03-27T09:03:29.225] [INFO] app - API listening at http://localhost:4000
[2023-03-27T09:05:16.941] [INFO] app - Starting application....
[2023-03-27T09:05:16.942] [INFO] app - Connecting to database....
[2023-03-27T09:05:16.947] [INFO] app - API listening at http://localhost:4000
[2023-03-27T09:05:17.188] [INFO] app - Connected successfully
[2023-03-27T09:13:22.564] [INFO] app - Starting application....
[2023-03-27T09:13:22.565] [INFO] app - Connecting to database....
[2023-03-27T09:13:22.571] [INFO] app - API listening at http://localhost:4000
[2023-03-27T09:13:52.179] [INFO] app - Starting application....
[2023-03-27T09:13:52.181] [INFO] app - Connecting to database....
[2023-03-27T09:13:52.185] [INFO] app - API listening at http://localhost:4000
[2023-03-27T09:13:52.975] [INFO] app - Connected successfully
[2023-03-27T09:18:47.369] [INFO] app - Players retrieved successfully
[2023-03-27T09:18:55.093] [INFO] app - Players retrieved successfully
[2023-03-27T12:35:26.479] [INFO] app - Starting application....
[2023-03-27T12:35:26.481] [INFO] app - Connecting to database....
[2023-03-27T12:35:26.485] [INFO] app - API listening at http://localhost:4000
[2023-03-27T12:42:33.101] [INFO] app - Starting application....
[2023-03-27T12:42:33.102] [INFO] app - Connecting to database....
[2023-03-27T12:42:33.106] [INFO] app - API listening at http://localhost:4000
[2023-03-27T12:42:33.417] [INFO] app - Connected successfully
[2023-03-27T12:43:02.836] [INFO] app - Starting application....
[2023-03-27T12:43:02.837] [INFO] app - Connecting to database....
[2023-03-27T12:43:02.843] [INFO] app - API listening at http://localhost:4000
[2023-03-27T12:44:36.619] [INFO] app - Starting application....
[2023-03-27T12:44:36.620] [INFO] app - Connecting to database....
[2023-03-27T12:44:36.626] [INFO] app - API listening at http://localhost:4000
[2023-03-27T12:54:15.547] [INFO] app - Starting application....
[2023-03-27T12:54:15.549] [INFO] app - Connecting to database....
[2023-03-27T12:54:15.554] [INFO] app - API listening at http://localhost:4000
[2023-03-27T12:54:25.573] [INFO] app - Starting application....
[2023-03-27T12:54:25.574] [INFO] app - Connecting to database....
[2023-03-27T12:54:25.579] [INFO] app - API listening at http://localhost:4000
[2023-03-27T12:54:25.843] [INFO] app - Connected successfully
[2023-03-27T13:09:13.559] [INFO] app - Starting application....
[2023-03-27T13:09:13.560] [INFO] app - Connecting to database....
[2023-03-27T13:09:13.566] [INFO] app - API listening at http://localhost:4000
[2023-03-27T13:09:22.583] [INFO] app - Starting application....
[2023-03-27T13:09:22.584] [INFO] app - Connecting to database....
[2023-03-27T13:09:22.590] [INFO] app - API listening at http://localhost:4000
[2023-03-27T13:09:33.302] [INFO] app - Starting application....
[2023-03-27T13:09:33.303] [INFO] app - Connecting to database....
[2023-03-27T13:09:33.307] [INFO] app - API listening at http://localhost:4000
[2023-03-27T13:09:33.821] [INFO] app - Connected successfully
[2023-03-27T13:23:34.511] [INFO] app - Starting application....
[2023-03-27T13:23:34.512] [INFO] app - Connecting to database....
[2023-03-27T13:23:34.517] [INFO] app - API listening at http://localhost:4000
[2023-03-27T13:23:34.957] [INFO] app - Connected successfully
[2023-03-28T08:58:59.929] [INFO] app - Players retrieved successfully
[2023-03-28T09:01:24.079] [INFO] app - Players retrieved successfully
[2023-03-28T09:01:37.425] [INFO] app - Players retrieved successfully
[2023-03-28T09:03:06.637] [INFO] app - Starting application....
[2023-03-28T09:03:06.639] [INFO] app - Connecting to database....
[2023-03-28T09:03:06.646] [INFO] app - API listening at http://localhost:4000
[2023-03-28T09:03:06.917] [INFO] app - Connected successfully
[2023-03-28T09:09:57.005] [ERROR] app - Error while getting game Game {
  query: '\n' +
    '    query IntrospectionQuery {\n' +
    '      __schema {\n' +
    '        queryType { name }\n' +
    '        mutationType { name }\n' +
    '        subscriptionType { name }\n' +
    '        types {\n' +
    '          ...FullType\n' +
    '        }\n' +
    '        directives {\n' +
    '          name\n' +
    '          description\n' +
    '          locations\n' +
    '          args {\n' +
    '            ...InputValue\n' +
    '          }\n' +
    '        }\n' +
    '      }\n' +
    '    }\n' +
    '\n' +
    '    fragment FullType on __Type {\n' +
    '      kind\n' +
    '      name\n' +
    '      description\n' +
    '      fields(includeDeprecated: true) {\n' +
    '        name\n' +
    '        description\n' +
    '        args {\n' +
    '          ...InputValue\n' +
    '        }\n' +
    '        type {\n' +
    '          ...TypeRef\n' +
    '        }\n' +
    '        isDeprecated\n' +
    '        deprecationReason\n' +
    '      }\n' +
    '      inputFields {\n' +
    '        ...InputValue\n' +
    '      }\n' +
    '      interfaces {\n' +
    '        ...TypeRef\n' +
    '      }\n' +
    '      enumValues(includeDeprecated: true) {\n' +
    '        name\n' +
    '        description\n' +
    '        isDeprecated\n' +
    '        deprecationReason\n' +
    '      }\n' +
    '      possibleTypes {\n' +
    '        ...TypeRef\n' +
    '      }\n' +
    '    }\n' +
    '\n' +
    '    fragment InputValue on __InputValue {\n' +
    '      name\n' +
    '      description\n' +
    '      type { ...TypeRef }\n' +
    '      defaultValue\n' +
    '    }\n' +
    '\n' +
    '    fragment TypeRef on __Type {\n' +
    '      kind\n' +
    '      name\n' +
    '      ofType {\n' +
    '        kind\n' +
    '        name\n' +
    '        ofType {\n' +
    '          kind\n' +
    '          name\n' +
    '          ofType {\n' +
    '            kind\n' +
    '            name\n' +
    '            ofType {\n' +
    '              kind\n' +
    '              name\n' +
    '              ofType {\n' +
    '                kind\n' +
    '                name\n' +
    '                ofType {\n' +
    '                  kind\n' +
    '                  name\n' +
    '                  ofType {\n' +
    '                    kind\n' +
    '                    name\n' +
    '                  }\n' +
    '                }\n' +
    '              }\n' +
    '            }\n' +
    '          }\n' +
    '        }\n' +
    '      }\n' +
    '    }\n' +
    '  ',
  id: undefined,
  nb_player: undefined,
  date: undefined,
  duration: undefined,
  state: undefined,
  score_team_red: undefined,
  score_team_blue: undefined,
  round: undefined,
  order: undefined,
  fk_tournament: undefined
}
[2023-03-28T09:10:03.686] [INFO] app - Players retrieved successfully
[2023-03-28T09:11:26.361] [ERROR] app - Error while getting game Game {
  state: '2',
  id: undefined,
  nb_player: undefined,
  date: undefined,
  duration: undefined,
  score_team_red: undefined,
  score_team_blue: undefined,
  round: undefined,
  order: undefined,
  fk_tournament: undefined
}
[2023-03-28T09:12:24.691] [ERROR] app - Error while getting game Game {
  state: '2',
  id: undefined,
  nb_player: undefined,
  date: undefined,
  duration: undefined,
  score_team_red: undefined,
  score_team_blue: undefined,
  round: undefined,
  order: undefined,
  fk_tournament: undefined
}
[2023-03-28T09:12:31.341] [ERROR] app - Error while getting game Game {
  state: '2',
  id: undefined,
  nb_player: undefined,
  date: undefined,
  duration: undefined,
  score_team_red: undefined,
  score_team_blue: undefined,
  round: undefined,
  order: undefined,
  fk_tournament: undefined
}
[2023-03-28T09:12:41.790] [ERROR] app - Error while getting game Game {
  state: '2',
  id: undefined,
  nb_player: undefined,
  date: undefined,
  duration: undefined,
  score_team_red: undefined,
  score_team_blue: undefined,
  round: undefined,
  order: undefined,
  fk_tournament: undefined
}
[2023-03-28T09:12:55.579] [INFO] app - Starting application....
[2023-03-28T09:12:55.581] [INFO] app - Connecting to database....
[2023-03-28T09:12:55.587] [INFO] app - API listening at http://localhost:4000
[2023-03-28T09:12:55.819] [INFO] app - Connected successfully
[2023-03-28T09:13:32.800] [INFO] app - Starting application....
[2023-03-28T09:13:32.801] [INFO] app - Connecting to database....
[2023-03-28T09:13:32.807] [INFO] app - API listening at http://localhost:4000
[2023-03-28T09:13:33.472] [INFO] app - Connected successfully
[2023-03-28T09:13:36.035] [INFO] app - Starting application....
[2023-03-28T09:13:36.036] [INFO] app - Connecting to database....
[2023-03-28T09:13:36.042] [INFO] app - API listening at http://localhost:4000
[2023-03-28T09:13:36.595] [INFO] app - Connected successfully
[2023-03-28T09:13:38.468] [ERROR] app - Error while getting game Game {
  state: '2',
  id: undefined,
  nb_player: undefined,
  date: undefined,
  duration: undefined,
  score_team_red: undefined,
  score_team_blue: undefined,
  round: undefined,
  order: undefined,
  fk_tournament: undefined
}
[2023-03-28T09:14:48.765] [INFO] app - Starting application....
[2023-03-28T09:14:48.767] [INFO] app - Connecting to database....
[2023-03-28T09:14:48.773] [INFO] app - API listening at http://localhost:4000
[2023-03-28T09:14:49.187] [INFO] app - Connected successfully
[2023-03-28T09:14:53.067] [ERROR] app - Error while getting game Game { state: '2' }
[2023-03-28T09:15:54.540] [INFO] app - Starting application....
[2023-03-28T09:15:54.542] [INFO] app - Connecting to database....
[2023-03-28T09:15:54.548] [INFO] app - API listening at http://localhost:4000
[2023-03-28T09:15:54.794] [INFO] app - Connected successfully
[2023-03-28T09:15:56.520] [ERROR] app - Error while getting game Game { state: '2' }
[2023-03-28T09:16:21.740] [INFO] app - Starting application....
[2023-03-28T09:16:21.742] [INFO] app - Connecting to database....
[2023-03-28T09:16:21.748] [INFO] app - API listening at http://localhost:4000
[2023-03-28T09:16:22.181] [INFO] app - Connected successfully
[2023-03-28T09:16:23.365] [ERROR] app - Error while getting game Game { state: '2' }
[2023-03-28T09:17:01.170] [INFO] app - Starting application....
[2023-03-28T09:17:01.171] [INFO] app - Connecting to database....
[2023-03-28T09:17:01.177] [INFO] app - API listening at http://localhost:4000
[2023-03-28T09:17:01.447] [INFO] app - Connected successfully
[2023-03-28T09:17:22.656] [INFO] app - Starting application....
[2023-03-28T09:17:22.658] [INFO] app - Connecting to database....
[2023-03-28T09:17:22.664] [INFO] app - API listening at http://localhost:4000
[2023-03-28T09:17:22.893] [INFO] app - Connected successfully
[2023-03-28T09:17:27.249] [INFO] app - Starting application....
[2023-03-28T09:17:27.251] [INFO] app - Connecting to database....
[2023-03-28T09:17:27.257] [INFO] app - API listening at http://localhost:4000
[2023-03-28T09:17:27.493] [INFO] app - Connected successfully
[2023-03-28T09:17:37.939] [INFO] app - Starting application....
[2023-03-28T09:17:37.940] [INFO] app - Connecting to database....
[2023-03-28T09:17:37.946] [INFO] app - API listening at http://localhost:4000
[2023-03-28T09:17:38.381] [INFO] app - Connected successfully
[2023-03-28T09:17:48.937] [INFO] app - Starting application....
[2023-03-28T09:17:48.939] [INFO] app - Connecting to database....
[2023-03-28T09:17:48.946] [INFO] app - API listening at http://localhost:4000
[2023-03-28T09:17:49.342] [INFO] app - Connected successfully
[2023-03-28T09:17:55.444] [INFO] app - Starting application....
[2023-03-28T09:17:55.445] [INFO] app - Connecting to database....
[2023-03-28T09:17:55.451] [INFO] app - API listening at http://localhost:4000
[2023-03-28T09:17:55.683] [INFO] app - Connected successfully
[2023-03-28T09:18:04.349] [INFO] app - Starting application....
[2023-03-28T09:18:04.351] [INFO] app - Connecting to database....
[2023-03-28T09:18:04.357] [INFO] app - API listening at http://localhost:4000
[2023-03-28T09:18:04.718] [INFO] app - Connected successfully
[2023-03-28T09:18:09.807] [INFO] app - Starting application....
[2023-03-28T09:18:09.808] [INFO] app - Connecting to database....
[2023-03-28T09:18:09.814] [INFO] app - API listening at http://localhost:4000
[2023-03-28T09:18:10.378] [INFO] app - Connected successfully
[2023-03-28T09:18:20.591] [INFO] app - Starting application....
[2023-03-28T09:18:20.592] [INFO] app - Connecting to database....
[2023-03-28T09:18:20.598] [INFO] app - API listening at http://localhost:4000
[2023-03-28T09:18:21.199] [INFO] app - Connected successfully
[2023-03-28T09:18:33.286] [INFO] app - Starting application....
[2023-03-28T09:18:33.287] [INFO] app - Connecting to database....
[2023-03-28T09:18:33.293] [INFO] app - API listening at http://localhost:4000
[2023-03-28T09:18:33.745] [INFO] app - Connected successfully
[2023-03-28T09:25:41.889] [INFO] app - Starting application....
[2023-03-28T09:25:41.890] [INFO] app - Connecting to database....
[2023-03-28T09:25:41.898] [INFO] app - API listening at http://localhost:4000
[2023-03-28T09:25:42.146] [INFO] app - Connected successfully
[2023-03-28T09:25:55.487] [INFO] app - Starting application....
[2023-03-28T09:25:55.488] [INFO] app - Connecting to database....
[2023-03-28T09:25:55.494] [INFO] app - API listening at http://localhost:4000
[2023-03-28T09:25:55.732] [INFO] app - Connected successfully
[2023-03-28T09:26:24.932] [INFO] app - Starting application....
[2023-03-28T09:26:24.934] [INFO] app - Connecting to database....
[2023-03-28T09:26:24.939] [INFO] app - API listening at http://localhost:4000
[2023-03-28T09:26:25.218] [INFO] app - Connected successfully
[2023-03-28T09:26:35.677] [INFO] app - Starting application....
[2023-03-28T09:26:35.678] [INFO] app - Connecting to database....
[2023-03-28T09:26:35.685] [INFO] app - API listening at http://localhost:4000
[2023-03-28T09:26:36.097] [INFO] app - Connected successfully
[2023-03-28T09:28:16.430] [INFO] app - Starting application....
[2023-03-28T09:28:16.431] [INFO] app - Connecting to database....
[2023-03-28T09:28:16.437] [INFO] app - API listening at http://localhost:4000
[2023-03-28T09:28:16.664] [INFO] app - Connected successfully
[2023-03-28T09:29:17.389] [INFO] app - Starting application....
[2023-03-28T09:29:17.390] [INFO] app - Connecting to database....
[2023-03-28T09:29:17.396] [INFO] app - API listening at http://localhost:4000
[2023-03-28T09:29:17.903] [INFO] app - Connected successfully
[2023-03-28T09:29:34.551] [INFO] app - Starting application....
[2023-03-28T09:29:34.552] [INFO] app - Connecting to database....
[2023-03-28T09:29:34.559] [INFO] app - API listening at http://localhost:4000
[2023-03-28T09:29:34.810] [INFO] app - Connected successfully
[2023-03-28T09:31:19.459] [INFO] app - Starting application....
[2023-03-28T09:31:19.461] [INFO] app - Connecting to database....
[2023-03-28T09:31:19.467] [INFO] app - API listening at http://localhost:4000
[2023-03-28T09:31:19.721] [INFO] app - Connected successfully
[2023-03-28T09:32:40.318] [INFO] app - Starting application....
[2023-03-28T09:32:40.319] [INFO] app - Connecting to database....
[2023-03-28T09:32:40.325] [INFO] app - API listening at http://localhost:4000
[2023-03-28T09:32:40.615] [INFO] app - Connected successfully
[2023-03-28T09:32:42.615] [INFO] app - Game updated successfully undefined
[2023-03-28T09:33:01.418] [INFO] app - Starting application....
[2023-03-28T09:33:01.420] [INFO] app - Connecting to database....
[2023-03-28T09:33:01.426] [INFO] app - API listening at http://localhost:4000
[2023-03-28T09:33:01.669] [INFO] app - Connected successfully
[2023-03-28T09:33:08.386] [INFO] app - Starting application....
[2023-03-28T09:33:08.387] [INFO] app - Connecting to database....
[2023-03-28T09:33:08.393] [INFO] app - API listening at http://localhost:4000
[2023-03-28T09:33:08.598] [INFO] app - Connected successfully
[2023-03-28T09:33:13.746] [INFO] app - Game updated successfully undefined
[2023-03-28T09:33:33.515] [INFO] app - Starting application....
[2023-03-28T09:33:33.516] [INFO] app - Connecting to database....
[2023-03-28T09:33:33.522] [INFO] app - API listening at http://localhost:4000
[2023-03-28T09:33:34.040] [INFO] app - Connected successfully
[2023-03-28T09:33:36.384] [INFO] app - Game updated successfully undefined
[2023-03-28T09:33:54.032] [INFO] app - Game updated successfully undefined
[2023-03-28T09:35:19.116] [INFO] app - Starting application....
[2023-03-28T09:35:19.117] [INFO] app - Connecting to database....
[2023-03-28T09:35:19.123] [INFO] app - API listening at http://localhost:4000
[2023-03-28T09:35:19.603] [INFO] app - Connected successfully
[2023-03-28T09:35:29.761] [ERROR] app - Error while updating game error: column "48cbe91c-cf84-4623-bf8c-39a4cf472b90" does not exist
    at Parser.parseErrorMessage (/home/juju/Documents/IG2I/LA1/OBJET_CO/api/node_modules/pg-protocol/src/parser.ts:369:69)
    at Parser.handlePacket (/home/juju/Documents/IG2I/LA1/OBJET_CO/api/node_modules/pg-protocol/src/parser.ts:188:21)
    at Parser.parse (/home/juju/Documents/IG2I/LA1/OBJET_CO/api/node_modules/pg-protocol/src/parser.ts:103:30)
    at Socket.<anonymous> (/home/juju/Documents/IG2I/LA1/OBJET_CO/api/node_modules/pg-protocol/src/index.ts:7:48)
    at Socket.emit (node:events:513:28)
    at Socket.emit (node:domain:489:12)
    at addChunk (node:internal/streams/readable:324:12)
    at readableAddChunk (node:internal/streams/readable:297:9)
    at Socket.Readable.push (node:internal/streams/readable:234:10)
    at TCP.onStreamRead (node:internal/stream_base_commons:190:23) {
  length: 136,
  severity: 'ERROR',
  code: '42703',
  detail: undefined,
  hint: undefined,
  position: '39',
  internalPosition: undefined,
  internalQuery: undefined,
  where: undefined,
  schema: undefined,
  table: undefined,
  column: undefined,
  dataType: undefined,
  constraint: undefined,
  file: 'parse_relation.c',
  line: '3651',
  routine: 'errorMissingColumn'
}
[2023-03-28T09:35:36.472] [INFO] app - Players retrieved successfully
[2023-03-28T09:35:44.617] [ERROR] app - Error while updating game error: column "48cbe91c-cf84-4623-bf8c-39a4cf472b90" does not exist
    at Parser.parseErrorMessage (/home/juju/Documents/IG2I/LA1/OBJET_CO/api/node_modules/pg-protocol/src/parser.ts:369:69)
    at Parser.handlePacket (/home/juju/Documents/IG2I/LA1/OBJET_CO/api/node_modules/pg-protocol/src/parser.ts:188:21)
    at Parser.parse (/home/juju/Documents/IG2I/LA1/OBJET_CO/api/node_modules/pg-protocol/src/parser.ts:103:30)
    at Socket.<anonymous> (/home/juju/Documents/IG2I/LA1/OBJET_CO/api/node_modules/pg-protocol/src/index.ts:7:48)
    at Socket.emit (node:events:513:28)
    at Socket.emit (node:domain:489:12)
    at addChunk (node:internal/streams/readable:324:12)
    at readableAddChunk (node:internal/streams/readable:297:9)
    at Socket.Readable.push (node:internal/streams/readable:234:10)
    at TCP.onStreamRead (node:internal/stream_base_commons:190:23) {
  length: 136,
  severity: 'ERROR',
  code: '42703',
  detail: undefined,
  hint: undefined,
  position: '39',
  internalPosition: undefined,
  internalQuery: undefined,
  where: undefined,
  schema: undefined,
  table: undefined,
  column: undefined,
  dataType: undefined,
  constraint: undefined,
  file: 'parse_relation.c',
  line: '3651',
  routine: 'errorMissingColumn'
}
[2023-03-28T09:36:21.561] [INFO] app - Starting application....
[2023-03-28T09:36:21.563] [INFO] app - Connecting to database....
[2023-03-28T09:36:21.569] [INFO] app - API listening at http://localhost:4000
[2023-03-28T09:36:21.842] [INFO] app - Connected successfully
[2023-03-28T09:36:29.717] [INFO] app - Starting application....
[2023-03-28T09:36:29.719] [INFO] app - Connecting to database....
[2023-03-28T09:36:29.726] [INFO] app - API listening at http://localhost:4000
[2023-03-28T09:36:29.961] [INFO] app - Connected successfully
[2023-03-28T09:36:31.622] [ERROR] app - Error while updating game error: column "48cbe91c-cf84-4623-bf8c-39a4cf472b90" does not exist
    at Parser.parseErrorMessage (/home/juju/Documents/IG2I/LA1/OBJET_CO/api/node_modules/pg-protocol/src/parser.ts:369:69)
    at Parser.handlePacket (/home/juju/Documents/IG2I/LA1/OBJET_CO/api/node_modules/pg-protocol/src/parser.ts:188:21)
    at Parser.parse (/home/juju/Documents/IG2I/LA1/OBJET_CO/api/node_modules/pg-protocol/src/parser.ts:103:30)
    at Socket.<anonymous> (/home/juju/Documents/IG2I/LA1/OBJET_CO/api/node_modules/pg-protocol/src/index.ts:7:48)
    at Socket.emit (node:events:513:28)
    at Socket.emit (node:domain:489:12)
    at addChunk (node:internal/streams/readable:324:12)
    at readableAddChunk (node:internal/streams/readable:297:9)
    at Socket.Readable.push (node:internal/streams/readable:234:10)
    at TCP.onStreamRead (node:internal/stream_base_commons:190:23) {
  length: 136,
  severity: 'ERROR',
  code: '42703',
  detail: undefined,
  hint: undefined,
  position: '39',
  internalPosition: undefined,
  internalQuery: undefined,
  where: undefined,
  schema: undefined,
  table: undefined,
  column: undefined,
  dataType: undefined,
  constraint: undefined,
  file: 'parse_relation.c',
  line: '3651',
  routine: 'errorMissingColumn'
}
[2023-03-28T09:36:43.092] [INFO] app - Starting application....
[2023-03-28T09:36:43.093] [INFO] app - Connecting to database....
[2023-03-28T09:36:43.098] [INFO] app - API listening at http://localhost:4000
[2023-03-28T09:36:43.622] [INFO] app - Connected successfully
[2023-03-28T09:36:43.809] [ERROR] app - Error while updating game error: column "48cbe91c-cf84-4623-bf8c-39a4cf472b90" does not exist
    at Parser.parseErrorMessage (/home/juju/Documents/IG2I/LA1/OBJET_CO/api/node_modules/pg-protocol/src/parser.ts:369:69)
    at Parser.handlePacket (/home/juju/Documents/IG2I/LA1/OBJET_CO/api/node_modules/pg-protocol/src/parser.ts:188:21)
    at Parser.parse (/home/juju/Documents/IG2I/LA1/OBJET_CO/api/node_modules/pg-protocol/src/parser.ts:103:30)
    at Socket.<anonymous> (/home/juju/Documents/IG2I/LA1/OBJET_CO/api/node_modules/pg-protocol/src/index.ts:7:48)
    at Socket.emit (node:events:513:28)
    at Socket.emit (node:domain:489:12)
    at addChunk (node:internal/streams/readable:324:12)
    at readableAddChunk (node:internal/streams/readable:297:9)
    at Socket.Readable.push (node:internal/streams/readable:234:10)
    at TCP.onStreamRead (node:internal/stream_base_commons:190:23) {
  length: 136,
  severity: 'ERROR',
  code: '42703',
  detail: undefined,
  hint: undefined,
  position: '39',
  internalPosition: undefined,
  internalQuery: undefined,
  where: undefined,
  schema: undefined,
  table: undefined,
  column: undefined,
  dataType: undefined,
  constraint: undefined,
  file: 'parse_relation.c',
  line: '3651',
  routine: 'errorMissingColumn'
}
[2023-03-28T09:37:06.053] [INFO] app - Starting application....
[2023-03-28T09:37:06.054] [INFO] app - Connecting to database....
[2023-03-28T09:37:06.060] [INFO] app - API listening at http://localhost:4000
[2023-03-28T09:37:06.491] [INFO] app - Connected successfully
[2023-03-28T09:37:13.008] [INFO] app - Starting application....
[2023-03-28T09:37:13.009] [INFO] app - Connecting to database....
[2023-03-28T09:37:13.016] [INFO] app - API listening at http://localhost:4000
[2023-03-28T09:37:13.251] [INFO] app - Connected successfully
[2023-03-28T09:37:15.034] [INFO] app - Game updated successfully undefined
[2023-03-28T09:37:24.098] [INFO] app - Players retrieved successfully
[2023-03-28T09:38:09.175] [ERROR] app - Error while scoring goal error: syntax error at or near "+="
    at Parser.parseErrorMessage (/home/juju/Documents/IG2I/LA1/OBJET_CO/api/node_modules/pg-protocol/src/parser.ts:369:69)
    at Parser.handlePacket (/home/juju/Documents/IG2I/LA1/OBJET_CO/api/node_modules/pg-protocol/src/parser.ts:188:21)
    at Parser.parse (/home/juju/Documents/IG2I/LA1/OBJET_CO/api/node_modules/pg-protocol/src/parser.ts:103:30)
    at Socket.<anonymous> (/home/juju/Documents/IG2I/LA1/OBJET_CO/api/node_modules/pg-protocol/src/index.ts:7:48)
    at Socket.emit (node:events:513:28)
    at Socket.emit (node:domain:489:12)
    at addChunk (node:internal/streams/readable:324:12)
    at readableAddChunk (node:internal/streams/readable:297:9)
    at Socket.Readable.push (node:internal/streams/readable:234:10)
    at TCP.onStreamRead (node:internal/stream_base_commons:190:23) {
  length: 91,
  severity: 'ERROR',
  code: '42601',
  detail: undefined,
  hint: undefined,
  position: '27',
  internalPosition: undefined,
  internalQuery: undefined,
  where: undefined,
  schema: undefined,
  table: undefined,
  column: undefined,
  dataType: undefined,
  constraint: undefined,
  file: 'scan.l',
  line: '1188',
  routine: 'scanner_yyerror'
}
[2023-03-28T09:38:27.478] [INFO] app - Starting application....
[2023-03-28T09:38:27.479] [INFO] app - Connecting to database....
[2023-03-28T09:38:27.488] [INFO] app - API listening at http://localhost:4000
[2023-03-28T09:38:27.716] [INFO] app - Connected successfully
[2023-03-28T09:39:34.996] [INFO] app - Starting application....
[2023-03-28T09:39:34.998] [INFO] app - Connecting to database....
[2023-03-28T09:39:35.004] [INFO] app - API listening at http://localhost:4000
[2023-03-28T09:39:35.230] [INFO] app - Connected successfully
[2023-03-28T15:49:35.045] [INFO] app - Starting application....
[2023-03-28T15:49:35.047] [INFO] app - Connecting to database....
[2023-03-28T15:49:35.051] [INFO] app - API listening at http://localhost:4000
[2023-03-28T15:49:35.306] [INFO] app - Connected successfully
[2023-03-28T16:37:17.362] [INFO] app - Starting application....
[2023-03-28T16:37:17.363] [INFO] app - Connecting to database....
[2023-03-28T16:37:17.369] [INFO] app - API listening at http://localhost:4000
[2023-03-28T16:37:17.478] [INFO] app - Connected successfully
[2023-03-28T16:37:55.130] [INFO] app - Starting application....
[2023-03-28T16:37:55.131] [INFO] app - Connecting to database....
[2023-03-28T16:37:55.137] [INFO] app - API listening at http://localhost:4000
[2023-03-28T16:37:55.247] [INFO] app - Connected successfully
[2023-03-28T16:37:59.508] [INFO] app - Starting application....
[2023-03-28T16:37:59.509] [INFO] app - Connecting to database....
[2023-03-28T16:37:59.514] [INFO] app - API listening at http://localhost:4000
[2023-03-28T16:37:59.624] [INFO] app - Connected successfully
[2023-03-28T16:38:21.560] [INFO] app - Starting application....
[2023-03-28T16:38:21.561] [INFO] app - Connecting to database....
[2023-03-28T16:38:21.567] [INFO] app - API listening at http://localhost:4000
[2023-03-28T16:38:21.672] [INFO] app - Connected successfully
[2023-03-28T16:38:35.651] [INFO] app - Starting application....
[2023-03-28T16:38:35.652] [INFO] app - Connecting to database....
[2023-03-28T16:38:35.657] [INFO] app - API listening at http://localhost:4000
[2023-03-28T16:38:36.103] [INFO] app - Connected successfully
[2023-03-28T16:39:00.254] [INFO] app - Starting application....
[2023-03-28T16:39:00.255] [INFO] app - Connecting to database....
[2023-03-28T16:39:00.260] [INFO] app - API listening at http://localhost:4000
[2023-03-28T16:39:00.366] [INFO] app - Connected successfully
[2023-03-28T16:39:10.031] [INFO] app - Starting application....
[2023-03-28T16:39:10.033] [INFO] app - Connecting to database....
[2023-03-28T16:39:10.038] [INFO] app - API listening at http://localhost:4000
[2023-03-28T16:39:10.146] [INFO] app - Connected successfully
[2023-03-28T16:39:27.122] [INFO] app - Starting application....
[2023-03-28T16:39:27.123] [INFO] app - Connecting to database....
[2023-03-28T16:39:27.129] [INFO] app - API listening at http://localhost:4000
[2023-03-28T16:39:27.235] [INFO] app - Connected successfully
[2023-03-28T16:39:43.276] [INFO] app - Starting application....
[2023-03-28T16:39:43.277] [INFO] app - Connecting to database....
[2023-03-28T16:39:43.283] [INFO] app - API listening at http://localhost:4000
[2023-03-28T16:39:43.388] [INFO] app - Connected successfully
[2023-03-28T16:40:01.995] [INFO] app - Starting application....
[2023-03-28T16:40:01.996] [INFO] app - Connecting to database....
[2023-03-28T16:40:02.001] [INFO] app - API listening at http://localhost:4000
[2023-03-28T16:40:02.113] [INFO] app - Connected successfully
[2023-03-28T16:40:20.118] [INFO] app - Starting application....
[2023-03-28T16:40:20.119] [INFO] app - Connecting to database....
[2023-03-28T16:40:20.124] [INFO] app - API listening at http://localhost:4000
[2023-03-28T16:40:20.242] [INFO] app - Connected successfully
[2023-03-28T16:40:31.629] [INFO] app - Starting application....
[2023-03-28T16:40:31.631] [INFO] app - Connecting to database....
[2023-03-28T16:40:31.636] [INFO] app - API listening at http://localhost:4000
[2023-03-28T16:40:31.742] [INFO] app - Connected successfully
[2023-03-28T16:40:36.907] [INFO] app - Starting application....
[2023-03-28T16:40:36.908] [INFO] app - Connecting to database....
[2023-03-28T16:40:36.914] [INFO] app - API listening at http://localhost:4000
[2023-03-28T16:40:37.019] [INFO] app - Connected successfully
[2023-03-28T16:40:53.078] [INFO] app - Starting application....
[2023-03-28T16:40:53.080] [INFO] app - Connecting to database....
[2023-03-28T16:40:53.085] [INFO] app - API listening at http://localhost:4000
[2023-03-28T16:40:53.195] [INFO] app - Connected successfully
[2023-03-28T16:41:03.144] [INFO] app - Starting application....
[2023-03-28T16:41:03.145] [INFO] app - Connecting to database....
[2023-03-28T16:41:03.149] [INFO] app - API listening at http://localhost:4000
[2023-03-28T16:41:03.254] [INFO] app - Connected successfully
[2023-03-28T16:41:11.837] [INFO] app - Starting application....
[2023-03-28T16:41:11.838] [INFO] app - Connecting to database....
[2023-03-28T16:41:11.843] [INFO] app - API listening at http://localhost:4000
[2023-03-28T16:41:11.949] [INFO] app - Connected successfully
[2023-03-28T16:41:17.829] [INFO] app - Starting application....
[2023-03-28T16:41:17.830] [INFO] app - Connecting to database....
[2023-03-28T16:41:17.835] [INFO] app - API listening at http://localhost:4000
[2023-03-28T16:41:17.943] [INFO] app - Connected successfully
[2023-03-28T16:41:33.391] [INFO] app - Starting application....
[2023-03-28T16:41:33.393] [INFO] app - Connecting to database....
[2023-03-28T16:41:33.397] [INFO] app - API listening at http://localhost:4000
[2023-03-28T16:41:33.505] [INFO] app - Connected successfully
[2023-03-28T16:41:56.323] [INFO] app - Starting application....
[2023-03-28T16:41:56.325] [INFO] app - Connecting to database....
[2023-03-28T16:41:56.330] [INFO] app - API listening at http://localhost:4000
[2023-03-28T16:41:56.436] [INFO] app - Connected successfully
[2023-03-28T16:41:59.770] [INFO] app - Starting application....
[2023-03-28T16:41:59.772] [INFO] app - Connecting to database....
[2023-03-28T16:41:59.777] [INFO] app - API listening at http://localhost:4000
[2023-03-28T16:41:59.883] [INFO] app - Connected successfully
[2023-03-28T16:42:05.805] [INFO] app - Starting application....
[2023-03-28T16:42:05.806] [INFO] app - Connecting to database....
[2023-03-28T16:42:05.812] [INFO] app - API listening at http://localhost:4000
[2023-03-28T16:42:05.917] [INFO] app - Connected successfully
[2023-03-28T16:42:10.739] [INFO] app - Starting application....
[2023-03-28T16:42:10.740] [INFO] app - Connecting to database....
[2023-03-28T16:42:10.745] [INFO] app - API listening at http://localhost:4000
[2023-03-28T16:42:10.852] [INFO] app - Connected successfully
[2023-03-28T16:43:57.848] [INFO] app - Starting application....
[2023-03-28T16:43:57.849] [INFO] app - Connecting to database....
[2023-03-28T16:43:57.854] [INFO] app - API listening at http://localhost:4000
[2023-03-28T16:43:57.964] [INFO] app - Connected successfully
[2023-03-28T16:44:45.620] [INFO] app - Starting application....
[2023-03-28T16:44:45.622] [INFO] app - Connecting to database....
[2023-03-28T16:44:45.628] [INFO] app - API listening at http://localhost:4000
[2023-03-28T16:44:45.732] [INFO] app - Connected successfully
[2023-03-28T16:44:49.961] [INFO] app - Starting application....
[2023-03-28T16:44:49.963] [INFO] app - Connecting to database....
[2023-03-28T16:44:49.970] [INFO] app - API listening at http://localhost:4000
[2023-03-28T16:44:50.265] [INFO] app - Connected successfully
[2023-03-28T16:44:59.529] [INFO] app - Starting application....
[2023-03-28T16:44:59.530] [INFO] app - Connecting to database....
[2023-03-28T16:44:59.535] [INFO] app - API listening at http://localhost:4000
[2023-03-28T16:44:59.648] [INFO] app - Connected successfully
[2023-03-28T16:45:53.316] [INFO] app - Starting application....
[2023-03-28T16:45:53.318] [INFO] app - Connecting to database....
[2023-03-28T16:45:53.323] [INFO] app - API listening at http://localhost:4000
[2023-03-28T16:45:53.429] [INFO] app - Connected successfully
[2023-03-28T16:46:10.609] [INFO] app - Starting application....
[2023-03-28T16:46:10.611] [INFO] app - Connecting to database....
[2023-03-28T16:46:10.616] [INFO] app - API listening at http://localhost:4000
[2023-03-28T16:46:10.724] [INFO] app - Connected successfully
[2023-03-28T16:46:19.533] [INFO] app - Starting application....
[2023-03-28T16:46:19.535] [INFO] app - Connecting to database....
[2023-03-28T16:46:19.540] [INFO] app - API listening at http://localhost:4000
[2023-03-28T16:46:19.961] [INFO] app - Connected successfully
[2023-03-28T16:46:22.148] [INFO] app - Starting application....
[2023-03-28T16:46:22.149] [INFO] app - Connecting to database....
[2023-03-28T16:46:22.154] [INFO] app - API listening at http://localhost:4000
[2023-03-28T16:46:22.260] [INFO] app - Connected successfully
[2023-03-28T16:46:27.183] [INFO] app - Starting application....
[2023-03-28T16:46:27.184] [INFO] app - Connecting to database....
[2023-03-28T16:46:27.189] [INFO] app - API listening at http://localhost:4000
[2023-03-28T16:46:27.298] [INFO] app - Connected successfully
[2023-03-28T16:46:35.941] [INFO] app - Starting application....
[2023-03-28T16:46:35.942] [INFO] app - Connecting to database....
[2023-03-28T16:46:35.947] [INFO] app - API listening at http://localhost:4000
[2023-03-28T16:46:36.054] [INFO] app - Connected successfully
[2023-03-28T16:46:44.024] [INFO] app - Starting application....
[2023-03-28T16:46:44.025] [INFO] app - Connecting to database....
[2023-03-28T16:46:44.030] [INFO] app - API listening at http://localhost:4000
[2023-03-28T16:46:44.142] [INFO] app - Connected successfully
[2023-03-28T16:48:29.352] [INFO] app - Starting application....
[2023-03-28T16:48:29.353] [INFO] app - Connecting to database....
[2023-03-28T16:48:29.360] [INFO] app - API listening at http://localhost:4000
[2023-03-28T16:48:29.467] [INFO] app - Connected successfully
[2023-03-28T16:48:42.632] [INFO] app - Starting application....
[2023-03-28T16:48:42.633] [INFO] app - Connecting to database....
[2023-03-28T16:48:42.638] [INFO] app - API listening at http://localhost:4000
[2023-03-28T16:48:42.749] [INFO] app - Connected successfully
[2023-03-28T16:48:46.810] [INFO] app - Starting application....
[2023-03-28T16:48:46.811] [INFO] app - Connecting to database....
[2023-03-28T16:48:46.817] [INFO] app - API listening at http://localhost:4000
[2023-03-28T16:48:46.923] [INFO] app - Connected successfully
[2023-03-28T16:48:57.770] [INFO] app - Starting application....
[2023-03-28T16:48:57.771] [INFO] app - Connecting to database....
[2023-03-28T16:48:57.776] [INFO] app - API listening at http://localhost:4000
[2023-03-28T16:48:57.885] [INFO] app - Connected successfully
[2023-03-28T16:49:53.464] [INFO] app - Starting application....
[2023-03-28T16:49:53.466] [INFO] app - Connecting to database....
[2023-03-28T16:49:53.472] [INFO] app - API listening at http://localhost:4000
[2023-03-28T16:49:53.579] [INFO] app - Connected successfully
[2023-03-28T16:49:59.506] [INFO] app - Starting application....
[2023-03-28T16:49:59.507] [INFO] app - Connecting to database....
[2023-03-28T16:49:59.513] [INFO] app - API listening at http://localhost:4000
[2023-03-28T16:49:59.622] [INFO] app - Connected successfully
[2023-03-28T16:50:03.864] [INFO] app - Starting application....
[2023-03-28T16:50:03.865] [INFO] app - Connecting to database....
[2023-03-28T16:50:03.870] [INFO] app - API listening at http://localhost:4000
[2023-03-28T16:50:04.239] [INFO] app - Connected successfully
[2023-03-28T16:50:17.325] [INFO] app - Starting application....
[2023-03-28T16:50:17.326] [INFO] app - Connecting to database....
[2023-03-28T16:50:17.331] [INFO] app - API listening at http://localhost:4000
[2023-03-28T16:50:17.440] [INFO] app - Connected successfully
[2023-03-28T16:50:51.617] [INFO] app - Starting application....
[2023-03-28T16:50:51.619] [INFO] app - Connecting to database....
[2023-03-28T16:50:51.624] [INFO] app - API listening at http://localhost:4000
[2023-03-28T16:50:51.728] [INFO] app - Connected successfully
[2023-03-28T16:51:07.547] [INFO] app - Starting application....
[2023-03-28T16:51:07.549] [INFO] app - Connecting to database....
[2023-03-28T16:51:07.555] [INFO] app - API listening at http://localhost:4000
[2023-03-28T16:51:07.667] [INFO] app - Connected successfully
[2023-03-28T16:51:21.195] [INFO] app - Starting application....
[2023-03-28T16:51:21.196] [INFO] app - Connecting to database....
[2023-03-28T16:51:21.201] [INFO] app - API listening at http://localhost:4000
[2023-03-28T16:51:21.306] [INFO] app - Connected successfully
[2023-03-28T16:51:32.302] [INFO] app - Starting application....
[2023-03-28T16:51:32.303] [INFO] app - Connecting to database....
[2023-03-28T16:51:32.308] [INFO] app - API listening at http://localhost:4000
[2023-03-28T16:51:32.414] [INFO] app - Connected successfully
[2023-03-28T16:51:56.187] [INFO] app - Starting application....
[2023-03-28T16:51:56.188] [INFO] app - Connecting to database....
[2023-03-28T16:51:56.193] [INFO] app - API listening at http://localhost:4000
[2023-03-28T16:51:56.298] [INFO] app - Connected successfully
[2023-03-28T16:52:35.797] [INFO] app - Starting application....
[2023-03-28T16:52:35.798] [INFO] app - Connecting to database....
[2023-03-28T16:52:35.802] [INFO] app - API listening at http://localhost:4000
[2023-03-28T16:52:35.910] [INFO] app - Connected successfully
[2023-03-28T16:55:30.683] [INFO] app - Starting application....
[2023-03-28T16:55:30.685] [INFO] app - Connecting to database....
[2023-03-28T16:55:30.689] [INFO] app - API listening at http://localhost:4000
[2023-03-28T16:55:30.796] [INFO] app - Connected successfully
[2023-03-28T16:55:37.141] [INFO] app - Starting application....
[2023-03-28T16:55:37.142] [INFO] app - Connecting to database....
[2023-03-28T16:55:37.146] [INFO] app - API listening at http://localhost:4000
[2023-03-28T16:55:37.258] [INFO] app - Connected successfully
[2023-03-28T16:55:41.726] [INFO] app - Starting application....
[2023-03-28T16:55:41.727] [INFO] app - Connecting to database....
[2023-03-28T16:55:41.733] [INFO] app - API listening at http://localhost:4000
[2023-03-28T16:55:41.842] [INFO] app - Connected successfully
[2023-03-28T16:55:43.390] [INFO] app - Starting application....
[2023-03-28T16:55:43.392] [INFO] app - Connecting to database....
[2023-03-28T16:55:43.397] [INFO] app - API listening at http://localhost:4000
[2023-03-28T16:55:43.506] [INFO] app - Connected successfully
[2023-03-28T16:55:46.516] [INFO] app - Starting application....
[2023-03-28T16:55:46.517] [INFO] app - Connecting to database....
[2023-03-28T16:55:46.522] [INFO] app - API listening at http://localhost:4000
[2023-03-28T16:55:48.120] [INFO] app - Starting application....
[2023-03-28T16:55:48.121] [INFO] app - Connecting to database....
[2023-03-28T16:55:48.127] [INFO] app - API listening at http://localhost:4000
[2023-03-28T16:55:48.232] [INFO] app - Connected successfully
[2023-03-28T16:56:42.433] [INFO] app - Starting application....
[2023-03-28T16:56:42.435] [INFO] app - Connecting to database....
[2023-03-28T16:56:42.439] [INFO] app - API listening at http://localhost:4000
[2023-03-28T16:56:42.551] [INFO] app - Connected successfully
[2023-03-28T16:56:48.539] [INFO] app - Starting application....
[2023-03-28T16:56:48.541] [INFO] app - Connecting to database....
[2023-03-28T16:56:48.546] [INFO] app - API listening at http://localhost:4000
[2023-03-28T16:56:49.108] [INFO] app - Connected successfully
[2023-03-28T16:57:53.550] [INFO] app - Starting application....
[2023-03-28T16:57:53.551] [INFO] app - Connecting to database....
[2023-03-28T16:57:53.557] [INFO] app - API listening at http://localhost:4000
[2023-03-28T16:57:53.663] [INFO] app - Connected successfully
[2023-03-28T16:58:12.676] [INFO] app - Starting application....
[2023-03-28T16:58:12.678] [INFO] app - Connecting to database....
[2023-03-28T16:58:12.683] [INFO] app - API listening at http://localhost:4000
[2023-03-28T16:58:12.789] [INFO] app - Connected successfully
[2023-03-28T16:58:16.458] [INFO] app - Starting application....
[2023-03-28T16:58:16.459] [INFO] app - Connecting to database....
[2023-03-28T16:58:16.464] [INFO] app - API listening at http://localhost:4000
[2023-03-28T16:58:16.572] [INFO] app - Connected successfully
[2023-03-28T16:58:24.633] [INFO] app - Starting application....
[2023-03-28T16:58:24.635] [INFO] app - Connecting to database....
[2023-03-28T16:58:24.640] [INFO] app - API listening at http://localhost:4000
[2023-03-28T16:58:24.758] [INFO] app - Connected successfully
[2023-03-28T16:58:38.993] [INFO] app - Starting application....
[2023-03-28T16:58:38.994] [INFO] app - Connecting to database....
[2023-03-28T16:58:38.999] [INFO] app - API listening at http://localhost:4000
[2023-03-28T16:58:39.105] [INFO] app - Connected successfully
[2023-03-28T16:58:48.845] [INFO] app - Starting application....
[2023-03-28T16:58:48.846] [INFO] app - Connecting to database....
[2023-03-28T16:58:48.851] [INFO] app - API listening at http://localhost:4000
[2023-03-28T16:58:49.235] [INFO] app - Connected successfully
[2023-03-28T16:58:59.190] [INFO] app - Starting application....
[2023-03-28T16:58:59.191] [INFO] app - Connecting to database....
[2023-03-28T16:58:59.197] [INFO] app - API listening at http://localhost:4000
[2023-03-28T16:58:59.306] [INFO] app - Connected successfully
[2023-03-28T17:00:17.501] [INFO] app - Starting application....
[2023-03-28T17:00:17.502] [INFO] app - Connecting to database....
[2023-03-28T17:00:17.507] [INFO] app - API listening at http://localhost:4000
[2023-03-28T17:00:17.624] [INFO] app - Connected successfully
[2023-03-28T17:01:01.600] [INFO] app - Starting application....
[2023-03-28T17:01:01.602] [INFO] app - Connecting to database....
[2023-03-28T17:01:01.607] [INFO] app - API listening at http://localhost:4000
[2023-03-28T17:01:01.724] [INFO] app - Connected successfully
[2023-03-28T17:03:25.708] [INFO] app - Starting application....
[2023-03-28T17:03:25.710] [INFO] app - Connecting to database....
[2023-03-28T17:03:25.715] [INFO] app - API listening at http://localhost:4000
[2023-03-28T17:03:25.827] [INFO] app - Connected successfully
[2023-03-28T17:03:28.307] [INFO] app - Starting application....
[2023-03-28T17:03:28.308] [INFO] app - Connecting to database....
[2023-03-28T17:03:28.313] [INFO] app - API listening at http://localhost:4000
[2023-03-28T17:03:28.421] [INFO] app - Connected successfully
[2023-03-28T17:03:40.576] [INFO] app - Starting application....
[2023-03-28T17:03:40.577] [INFO] app - Connecting to database....
[2023-03-28T17:03:40.583] [INFO] app - API listening at http://localhost:4000
[2023-03-28T17:03:40.691] [INFO] app - Connected successfully
[2023-03-28T17:03:49.286] [INFO] app - Starting application....
[2023-03-28T17:03:49.288] [INFO] app - Connecting to database....
[2023-03-28T17:03:49.293] [INFO] app - API listening at http://localhost:4000
[2023-03-28T17:03:49.696] [INFO] app - Connected successfully
[2023-03-28T17:03:51.776] [INFO] app - Starting application....
[2023-03-28T17:03:51.778] [INFO] app - Connecting to database....
[2023-03-28T17:03:51.782] [INFO] app - API listening at http://localhost:4000
[2023-03-28T17:03:51.893] [INFO] app - Connected successfully
[2023-03-28T17:04:17.069] [INFO] app - Starting application....
[2023-03-28T17:04:17.070] [INFO] app - Connecting to database....
[2023-03-28T17:04:17.075] [INFO] app - API listening at http://localhost:4000
[2023-03-28T17:04:17.184] [INFO] app - Connected successfully
[2023-03-28T17:04:40.612] [INFO] app - Starting application....
[2023-03-28T17:04:40.613] [INFO] app - Connecting to database....
[2023-03-28T17:04:40.618] [INFO] app - API listening at http://localhost:4000
[2023-03-28T17:04:40.732] [INFO] app - Connected successfully
[2023-03-28T17:04:43.592] [INFO] app - Starting application....
[2023-03-28T17:04:43.593] [INFO] app - Connecting to database....
[2023-03-28T17:04:43.598] [INFO] app - API listening at http://localhost:4000
[2023-03-28T17:04:43.704] [INFO] app - Connected successfully
[2023-03-28T17:04:54.372] [INFO] app - Starting application....
[2023-03-28T17:04:54.373] [INFO] app - Connecting to database....
[2023-03-28T17:04:54.378] [INFO] app - API listening at http://localhost:4000
[2023-03-28T17:04:54.485] [INFO] app - Connected successfully
[2023-03-28T17:04:56.411] [INFO] app - Starting application....
[2023-03-28T17:04:56.412] [INFO] app - Connecting to database....
[2023-03-28T17:04:56.417] [INFO] app - API listening at http://localhost:4000
[2023-03-28T17:04:56.533] [INFO] app - Connected successfully
[2023-03-28T17:05:25.768] [INFO] app - Starting application....
[2023-03-28T17:05:25.769] [INFO] app - Connecting to database....
[2023-03-28T17:05:25.775] [INFO] app - API listening at http://localhost:4000
[2023-03-28T17:05:25.892] [INFO] app - Connected successfully
[2023-03-28T17:05:39.133] [INFO] app - Starting application....
[2023-03-28T17:05:39.135] [INFO] app - Connecting to database....
[2023-03-28T17:05:39.140] [INFO] app - API listening at http://localhost:4000
[2023-03-28T17:05:39.251] [INFO] app - Connected successfully
[2023-03-28T17:06:05.306] [INFO] app - Starting application....
[2023-03-28T17:06:05.307] [INFO] app - Connecting to database....
[2023-03-28T17:06:05.312] [INFO] app - API listening at http://localhost:4000
[2023-03-28T17:06:05.778] [INFO] app - Connected successfully
[2023-03-28T17:06:35.776] [INFO] app - Starting application....
[2023-03-28T17:06:35.777] [INFO] app - Connecting to database....
[2023-03-28T17:06:35.783] [INFO] app - API listening at http://localhost:4000
[2023-03-28T17:06:35.893] [INFO] app - Connected successfully
[2023-03-28T17:06:54.349] [INFO] app - Starting application....
[2023-03-28T17:06:54.350] [INFO] app - Connecting to database....
[2023-03-28T17:06:54.355] [INFO] app - API listening at http://localhost:4000
[2023-03-28T17:06:54.465] [INFO] app - Connected successfully
[2023-03-28T17:07:08.564] [INFO] app - Starting application....
[2023-03-28T17:07:08.566] [INFO] app - Connecting to database....
[2023-03-28T17:07:08.570] [INFO] app - API listening at http://localhost:4000
[2023-03-28T17:07:08.689] [INFO] app - Connected successfully
[2023-03-28T17:07:25.697] [INFO] app - Starting application....
[2023-03-28T17:07:25.698] [INFO] app - Connecting to database....
[2023-03-28T17:07:25.703] [INFO] app - API listening at http://localhost:4000
[2023-03-28T17:07:25.812] [INFO] app - Connected successfully
[2023-03-28T17:07:33.994] [INFO] app - Starting application....
[2023-03-28T17:07:33.996] [INFO] app - Connecting to database....
[2023-03-28T17:07:34.000] [INFO] app - API listening at http://localhost:4000
[2023-03-28T17:07:34.439] [INFO] app - Connected successfully
[2023-03-28T17:07:42.909] [INFO] app - Starting application....
[2023-03-28T17:07:42.910] [INFO] app - Connecting to database....
[2023-03-28T17:07:42.915] [INFO] app - API listening at http://localhost:4000
[2023-03-28T17:07:43.035] [INFO] app - Connected successfully
[2023-03-28T17:07:49.228] [INFO] app - Starting application....
[2023-03-28T17:07:49.229] [INFO] app - Connecting to database....
[2023-03-28T17:07:49.234] [INFO] app - API listening at http://localhost:4000
[2023-03-28T17:07:49.439] [INFO] app - Connected successfully
[2023-03-28T17:14:30.042] [INFO] app - Starting application....
[2023-03-28T17:14:30.044] [INFO] app - Connecting to database....
[2023-03-28T17:14:30.048] [INFO] app - API listening at http://localhost:4000
[2023-03-28T17:14:30.159] [INFO] app - Connected successfully
[2023-03-28T17:15:07.524] [INFO] app - Starting application....
[2023-03-28T17:15:07.525] [INFO] app - Connecting to database....
[2023-03-28T17:15:07.530] [INFO] app - API listening at http://localhost:4000
[2023-03-28T17:15:07.650] [INFO] app - Connected successfully
[2023-03-28T17:15:13.678] [INFO] app - Starting application....
[2023-03-28T17:15:13.680] [INFO] app - Connecting to database....
[2023-03-28T17:15:13.685] [INFO] app - API listening at http://localhost:4000
[2023-03-28T17:15:13.802] [INFO] app - Connected successfully
[2023-03-28T17:15:53.690] [INFO] app - Starting application....
[2023-03-28T17:15:53.691] [INFO] app - Connecting to database....
[2023-03-28T17:15:53.696] [INFO] app - API listening at http://localhost:4000
[2023-03-28T17:15:53.808] [INFO] app - Connected successfully
[2023-03-28T17:15:55.981] [INFO] app - Starting application....
[2023-03-28T17:15:55.983] [INFO] app - Connecting to database....
[2023-03-28T17:15:55.988] [INFO] app - API listening at http://localhost:4000
[2023-03-28T17:15:56.104] [INFO] app - Connected successfully
[2023-03-28T17:16:11.317] [INFO] app - Starting application....
[2023-03-28T17:16:11.319] [INFO] app - Connecting to database....
[2023-03-28T17:16:11.324] [INFO] app - API listening at http://localhost:4000
[2023-03-28T17:16:11.446] [INFO] app - Connected successfully
[2023-03-28T17:16:19.638] [INFO] app - Starting application....
[2023-03-28T17:16:19.640] [INFO] app - Connecting to database....
[2023-03-28T17:16:19.646] [INFO] app - API listening at http://localhost:4000
[2023-03-28T17:16:19.982] [INFO] app - Connected successfully
[2023-03-28T17:17:14.351] [INFO] app - Starting application....
[2023-03-28T17:17:14.353] [INFO] app - Connecting to database....
[2023-03-28T17:17:14.361] [INFO] app - API listening at http://localhost:4000
[2023-03-28T17:17:14.461] [INFO] app - Connected successfully
[2023-03-28T17:17:23.211] [INFO] app - Starting application....
[2023-03-28T17:17:23.212] [INFO] app - Connecting to database....
[2023-03-28T17:17:23.217] [INFO] app - API listening at http://localhost:4000
[2023-03-28T17:17:23.322] [INFO] app - Connected successfully
[2023-03-28T17:17:26.240] [INFO] app - Starting application....
[2023-03-28T17:17:26.241] [INFO] app - Connecting to database....
[2023-03-28T17:17:26.246] [INFO] app - API listening at http://localhost:4000
[2023-03-28T17:17:26.363] [INFO] app - Connected successfully
[2023-03-28T17:17:38.405] [INFO] app - Starting application....
[2023-03-28T17:17:38.406] [INFO] app - Connecting to database....
[2023-03-28T17:17:38.411] [INFO] app - API listening at http://localhost:4000
[2023-03-28T17:17:38.538] [INFO] app - Connected successfully
[2023-03-28T17:17:42.096] [INFO] app - Starting application....
[2023-03-28T17:17:42.098] [INFO] app - Connecting to database....
[2023-03-28T17:17:42.102] [INFO] app - API listening at http://localhost:4000
[2023-03-28T17:17:42.218] [INFO] app - Connected successfully
[2023-03-28T17:17:46.745] [INFO] app - Starting application....
[2023-03-28T17:17:46.746] [INFO] app - Connecting to database....
[2023-03-28T17:17:46.751] [INFO] app - API listening at http://localhost:4000
[2023-03-28T17:17:46.862] [INFO] app - Connected successfully
[2023-03-28T17:17:56.549] [INFO] app - Starting application....
[2023-03-28T17:17:56.550] [INFO] app - Connecting to database....
[2023-03-28T17:17:56.555] [INFO] app - API listening at http://localhost:4000
[2023-03-28T17:17:56.682] [INFO] app - Connected successfully
[2023-03-28T17:18:00.170] [INFO] app - Starting application....
[2023-03-28T17:18:00.171] [INFO] app - Connecting to database....
[2023-03-28T17:18:00.176] [INFO] app - API listening at http://localhost:4000
[2023-03-28T17:18:00.287] [INFO] app - Connected successfully
[2023-03-28T17:18:20.669] [INFO] app - Starting application....
[2023-03-28T17:18:20.670] [INFO] app - Connecting to database....
[2023-03-28T17:18:20.675] [INFO] app - API listening at http://localhost:4000
[2023-03-28T17:18:20.790] [INFO] app - Connected successfully
[2023-03-28T17:18:29.675] [INFO] app - Starting application....
[2023-03-28T17:18:29.676] [INFO] app - Connecting to database....
[2023-03-28T17:18:29.681] [INFO] app - API listening at http://localhost:4000
[2023-03-28T17:18:29.791] [INFO] app - Connected successfully
[2023-03-28T17:18:36.503] [INFO] app - Starting application....
[2023-03-28T17:18:36.505] [INFO] app - Connecting to database....
[2023-03-28T17:18:36.512] [INFO] app - API listening at http://localhost:4000
[2023-03-28T17:18:36.808] [INFO] app - Connected successfully
[2023-03-28T17:18:58.650] [INFO] app - Starting application....
[2023-03-28T17:18:58.651] [INFO] app - Connecting to database....
[2023-03-28T17:18:58.656] [INFO] app - API listening at http://localhost:4000
[2023-03-28T17:18:58.770] [INFO] app - Connected successfully
[2023-03-28T17:32:37.118] [INFO] app - Starting application....
[2023-03-28T17:32:37.119] [INFO] app - Connecting to database....
[2023-03-28T17:32:37.124] [INFO] app - API listening at http://localhost:4000
[2023-03-28T17:32:37.227] [INFO] app - Connected successfully
[2023-03-28T17:32:40.104] [INFO] app - Starting application....
[2023-03-28T17:32:40.105] [INFO] app - Connecting to database....
[2023-03-28T17:32:40.110] [INFO] app - API listening at http://localhost:4000
[2023-03-28T17:32:40.219] [INFO] app - Connected successfully
[2023-03-28T17:32:45.933] [INFO] app - Starting application....
[2023-03-28T17:32:45.935] [INFO] app - Connecting to database....
[2023-03-28T17:32:45.939] [INFO] app - API listening at http://localhost:4000
[2023-03-28T17:32:46.052] [INFO] app - Connected successfully
[2023-04-26T21:57:05.400] [INFO] app - Starting application....
[2023-04-26T21:57:05.401] [INFO] app - Connecting to database....
[2023-04-26T21:57:05.405] [INFO] app - API listening at http://localhost:4000
[2023-04-26T21:57:05.516] [INFO] app - Connected successfully
[2023-04-29T12:49:13.583] [INFO] app - Starting application....
[2023-04-29T12:49:13.584] [INFO] app - Connecting to database....
[2023-04-29T12:49:13.588] [INFO] app - API listening at http://localhost:4000
[2023-04-29T12:49:13.662] [INFO] app - Connected successfully
